E:\Repositories\Phoenix\Aurora\Libraries\LuaXbox\Debug\cl.command.1.tlog
E:\Repositories\Phoenix\Aurora\Libraries\LuaXbox\Debug\CL.read.1.tlog
E:\Repositories\Phoenix\Aurora\Libraries\LuaXbox\Debug\CL.write.1.tlog
E:\REPOSITORIES\PHOENIX\AURORA\LIBRARIES\LUAXBOX\DEBUG\LAPI.OBJ
E:\REPOSITORIES\PHOENIX\AURORA\LIBRARIES\LUAXBOX\DEBUG\LAUXLIB.OBJ
E:\REPOSITORIES\PHOENIX\AURORA\LIBRARIES\LUAXBOX\DEBUG\LBASELIB.OBJ
E:\REPOSITORIES\PHOENIX\AURORA\LIBRARIES\LUAXBOX\DEBUG\LBITLIB.OBJ
E:\REPOSITORIES\PHOENIX\AURORA\LIBRARIES\LUAXBOX\DEBUG\LCODE.OBJ
E:\REPOSITORIES\PHOENIX\AURORA\LIBRARIES\LUAXBOX\DEBUG\LCOROLIB.OBJ
E:\REPOSITORIES\PHOENIX\AURORA\LIBRARIES\LUAXBOX\DEBUG\LCTYPE.OBJ
E:\REPOSITORIES\PHOENIX\AURORA\LIBRARIES\LUAXBOX\DEBUG\LDBLIB.OBJ
E:\REPOSITORIES\PHOENIX\AURORA\LIBRARIES\LUAXBOX\DEBUG\LDEBUG.OBJ
E:\REPOSITORIES\PHOENIX\AURORA\LIBRARIES\LUAXBOX\DEBUG\LDO.OBJ
E:\REPOSITORIES\PHOENIX\AURORA\LIBRARIES\LUAXBOX\DEBUG\LDUMP.OBJ
E:\REPOSITORIES\PHOENIX\AURORA\LIBRARIES\LUAXBOX\DEBUG\LFUNC.OBJ
E:\REPOSITORIES\PHOENIX\AURORA\LIBRARIES\LUAXBOX\DEBUG\LGC.OBJ
E:\Repositories\Phoenix\Aurora\Libraries\LuaXbox\Debug\lib.command.1.tlog
E:\Repositories\Phoenix\Aurora\Libraries\LuaXbox\Debug\Lib-link.read.1.tlog
E:\Repositories\Phoenix\Aurora\Libraries\LuaXbox\Debug\Lib-link.write.1.tlog
E:\REPOSITORIES\PHOENIX\AURORA\LIBRARIES\LUAXBOX\DEBUG\LINIT.OBJ
E:\REPOSITORIES\PHOENIX\AURORA\LIBRARIES\LUAXBOX\DEBUG\LIOLIB.OBJ
E:\REPOSITORIES\PHOENIX\AURORA\LIBRARIES\LUAXBOX\DEBUG\LLEX.OBJ
E:\REPOSITORIES\PHOENIX\AURORA\LIBRARIES\LUAXBOX\DEBUG\LMATHLIB.OBJ
E:\REPOSITORIES\PHOENIX\AURORA\LIBRARIES\LUAXBOX\DEBUG\LMEM.OBJ
E:\REPOSITORIES\PHOENIX\AURORA\LIBRARIES\LUAXBOX\DEBUG\LOADLIB.OBJ
E:\REPOSITORIES\PHOENIX\AURORA\LIBRARIES\LUAXBOX\DEBUG\LOBJECT.OBJ
E:\REPOSITORIES\PHOENIX\AURORA\LIBRARIES\LUAXBOX\DEBUG\LOPCODES.OBJ
E:\REPOSITORIES\PHOENIX\AURORA\LIBRARIES\LUAXBOX\DEBUG\LOSLIB.OBJ
E:\REPOSITORIES\PHOENIX\AURORA\LIBRARIES\LUAXBOX\DEBUG\LPARSER.OBJ
E:\REPOSITORIES\PHOENIX\AURORA\LIBRARIES\LUAXBOX\DEBUG\LSTATE.OBJ
E:\REPOSITORIES\PHOENIX\AURORA\LIBRARIES\LUAXBOX\DEBUG\LSTRING.OBJ
E:\REPOSITORIES\PHOENIX\AURORA\LIBRARIES\LUAXBOX\DEBUG\LSTRLIB.OBJ
E:\REPOSITORIES\PHOENIX\AURORA\LIBRARIES\LUAXBOX\DEBUG\LTABLE.OBJ
E:\REPOSITORIES\PHOENIX\AURORA\LIBRARIES\LUAXBOX\DEBUG\LTABLIB.OBJ
E:\REPOSITORIES\PHOENIX\AURORA\LIBRARIES\LUAXBOX\DEBUG\LTM.OBJ
E:\REPOSITORIES\PHOENIX\AURORA\LIBRARIES\LUAXBOX\DEBUG\LUAXBOX.LIB
E:\Repositories\Phoenix\Aurora\Libraries\LuaXbox\Debug\LuaXbox.vcxprojResolveAssemblyReference.cache
E:\Repositories\Phoenix\Aurora\Libraries\LuaXbox\Debug\LuaXbox.write.1.tlog
E:\REPOSITORIES\PHOENIX\AURORA\LIBRARIES\LUAXBOX\DEBUG\LUNDUMP.OBJ
E:\REPOSITORIES\PHOENIX\AURORA\LIBRARIES\LUAXBOX\DEBUG\LUTF8LIB.OBJ
E:\REPOSITORIES\PHOENIX\AURORA\LIBRARIES\LUAXBOX\DEBUG\LVM.OBJ
E:\REPOSITORIES\PHOENIX\AURORA\LIBRARIES\LUAXBOX\DEBUG\LZIO.OBJ
E:\Repositories\Phoenix\Aurora\Libraries\LuaXbox\Debug\vc100.idb
E:\REPOSITORIES\PHOENIX\AURORA\LIBRARIES\LUAXBOX\DEBUG\VC100.PDB
