E:\Repositories\Phoenix\Aurora\Libraries\LuaXbox\Release\cl.command.1.tlog
E:\Repositories\Phoenix\Aurora\Libraries\LuaXbox\Release\CL.read.1.tlog
E:\Repositories\Phoenix\Aurora\Libraries\LuaXbox\Release\CL.write.1.tlog
E:\REPOSITORIES\PHOENIX\AURORA\LIBRARIES\LUAXBOX\RELEASE\LAPI.OBJ
E:\REPOSITORIES\PHOENIX\AURORA\LIBRARIES\LUAXBOX\RELEASE\LAUXLIB.OBJ
E:\REPOSITORIES\PHOENIX\AURORA\LIBRARIES\LUAXBOX\RELEASE\LBASELIB.OBJ
E:\REPOSITORIES\PHOENIX\AURORA\LIBRARIES\LUAXBOX\RELEASE\LBITLIB.OBJ
E:\REPOSITORIES\PHOENIX\AURORA\LIBRARIES\LUAXBOX\RELEASE\LCODE.OBJ
E:\REPOSITORIES\PHOENIX\AURORA\LIBRARIES\LUAXBOX\RELEASE\LCOROLIB.OBJ
E:\REPOSITORIES\PHOENIX\AURORA\LIBRARIES\LUAXBOX\RELEASE\LCTYPE.OBJ
E:\REPOSITORIES\PHOENIX\AURORA\LIBRARIES\LUAXBOX\RELEASE\LDBLIB.OBJ
E:\REPOSITORIES\PHOENIX\AURORA\LIBRARIES\LUAXBOX\RELEASE\LDEBUG.OBJ
E:\REPOSITORIES\PHOENIX\AURORA\LIBRARIES\LUAXBOX\RELEASE\LDO.OBJ
E:\REPOSITORIES\PHOENIX\AURORA\LIBRARIES\LUAXBOX\RELEASE\LDUMP.OBJ
E:\REPOSITORIES\PHOENIX\AURORA\LIBRARIES\LUAXBOX\RELEASE\LFUNC.OBJ
E:\REPOSITORIES\PHOENIX\AURORA\LIBRARIES\LUAXBOX\RELEASE\LGC.OBJ
E:\Repositories\Phoenix\Aurora\Libraries\LuaXbox\Release\lib.command.1.tlog
E:\Repositories\Phoenix\Aurora\Libraries\LuaXbox\Release\Lib-link.read.1.tlog
E:\Repositories\Phoenix\Aurora\Libraries\LuaXbox\Release\Lib-link.write.1.tlog
E:\REPOSITORIES\PHOENIX\AURORA\LIBRARIES\LUAXBOX\RELEASE\LINIT.OBJ
E:\REPOSITORIES\PHOENIX\AURORA\LIBRARIES\LUAXBOX\RELEASE\LIOLIB.OBJ
E:\REPOSITORIES\PHOENIX\AURORA\LIBRARIES\LUAXBOX\RELEASE\LLEX.OBJ
E:\REPOSITORIES\PHOENIX\AURORA\LIBRARIES\LUAXBOX\RELEASE\LMATHLIB.OBJ
E:\REPOSITORIES\PHOENIX\AURORA\LIBRARIES\LUAXBOX\RELEASE\LMEM.OBJ
E:\REPOSITORIES\PHOENIX\AURORA\LIBRARIES\LUAXBOX\RELEASE\LOADLIB.OBJ
E:\REPOSITORIES\PHOENIX\AURORA\LIBRARIES\LUAXBOX\RELEASE\LOBJECT.OBJ
E:\REPOSITORIES\PHOENIX\AURORA\LIBRARIES\LUAXBOX\RELEASE\LOPCODES.OBJ
E:\REPOSITORIES\PHOENIX\AURORA\LIBRARIES\LUAXBOX\RELEASE\LOSLIB.OBJ
E:\REPOSITORIES\PHOENIX\AURORA\LIBRARIES\LUAXBOX\RELEASE\LPARSER.OBJ
E:\REPOSITORIES\PHOENIX\AURORA\LIBRARIES\LUAXBOX\RELEASE\LSTATE.OBJ
E:\REPOSITORIES\PHOENIX\AURORA\LIBRARIES\LUAXBOX\RELEASE\LSTRING.OBJ
E:\REPOSITORIES\PHOENIX\AURORA\LIBRARIES\LUAXBOX\RELEASE\LSTRLIB.OBJ
E:\REPOSITORIES\PHOENIX\AURORA\LIBRARIES\LUAXBOX\RELEASE\LTABLE.OBJ
E:\REPOSITORIES\PHOENIX\AURORA\LIBRARIES\LUAXBOX\RELEASE\LTABLIB.OBJ
E:\REPOSITORIES\PHOENIX\AURORA\LIBRARIES\LUAXBOX\RELEASE\LTM.OBJ
E:\REPOSITORIES\PHOENIX\AURORA\LIBRARIES\LUAXBOX\RELEASE\LUAXBOX.LIB
E:\Repositories\Phoenix\Aurora\Libraries\LuaXbox\Release\LuaXbox.write.1.tlog
E:\REPOSITORIES\PHOENIX\AURORA\LIBRARIES\LUAXBOX\RELEASE\LUNDUMP.OBJ
E:\REPOSITORIES\PHOENIX\AURORA\LIBRARIES\LUAXBOX\RELEASE\LUTF8LIB.OBJ
E:\REPOSITORIES\PHOENIX\AURORA\LIBRARIES\LUAXBOX\RELEASE\LVM.OBJ
E:\REPOSITORIES\PHOENIX\AURORA\LIBRARIES\LUAXBOX\RELEASE\LZIO.OBJ
E:\REPOSITORIES\PHOENIX\AURORA\LIBRARIES\LUAXBOX\RELEASE\VC100.PDB
